app/build/intermediates/manifest_merge_blame_file/debug/manifest-merger-blame-debug-report.txt
1<?xml version="1.0" encoding="utf-8"?>
2<manifest xmlns:android="http://schemas.android.com/apk/res/android"
3    package="com.brian.stocks"
4    android:versionCode="1"
5    android:versionName="1.0" >
6
7    <uses-sdk
8        android:minSdkVersion="24"
8-->src\main\AndroidManifest.xml
9        android:targetSdkVersion="28" />
9-->src\main\AndroidManifest.xml
10
11    <uses-permission android:name="android.permission.WRITE_EXTERNAL_STORAGE" />
11-->src\main\AndroidManifest.xml:6:5-81
11-->src\main\AndroidManifest.xml:6:22-78
12    <uses-permission android:name="android.permission.INTERNET" />
12-->src\main\AndroidManifest.xml:7:5-67
12-->src\main\AndroidManifest.xml:7:22-64
13    <uses-permission android:name="android.permission.READ_EXTERNAL_STORAGE" />
13-->src\main\AndroidManifest.xml:8:5-80
13-->src\main\AndroidManifest.xml:8:22-77
14    <uses-permission android:name="android.permission.ACCESS_NETWORK_STATE" />
14-->[:PhoneVerification] AndroidManifest.xml:11:5-79
14-->[:PhoneVerification] AndroidManifest.xml:11:22-76
15    <uses-permission android:name="android.permission.WAKE_LOCK" /> <!-- Required by older versions of Google Play services to create IID tokens -->
15-->[com.google.firebase:firebase-analytics:11.8.0] AndroidManifest.xml:25:5-68
15-->[com.google.firebase:firebase-analytics:11.8.0] AndroidManifest.xml:25:22-65
16    <uses-permission android:name="com.google.android.c2dm.permission.RECEIVE" />
16-->[com.google.firebase:firebase-iid:11.8.0] AndroidManifest.xml:26:5-82
16-->[com.google.firebase:firebase-iid:11.8.0] AndroidManifest.xml:26:22-79
17
18    <permission
18-->[com.google.firebase:firebase-iid:11.8.0] AndroidManifest.xml:28:5-30:47
19        android:name="com.brian.stocks.permission.C2D_MESSAGE"
19-->[com.google.firebase:firebase-iid:11.8.0] AndroidManifest.xml:29:9-63
20        android:protectionLevel="signature" />
20-->[com.google.firebase:firebase-iid:11.8.0] AndroidManifest.xml:30:9-44
21
22    <uses-permission android:name="com.brian.stocks.permission.C2D_MESSAGE" />
22-->[com.google.firebase:firebase-iid:11.8.0] AndroidManifest.xml:32:5-79
22-->[com.google.firebase:firebase-iid:11.8.0] AndroidManifest.xml:32:22-76
23
24    <application
24-->src\main\AndroidManifest.xml:10:5-130:19
25        android:name="com.brian.stocks.MyApplication"
25-->src\main\AndroidManifest.xml:11:9-38
26        android:allowBackup="true"
26-->src\main\AndroidManifest.xml:12:9-35
27        android:appComponentFactory="androidx.core.app.CoreComponentFactory"
27-->[androidx.core:core:1.2.0] AndroidManifest.xml:24:18-86
28        android:debuggable="true"
29        android:hardwareAccelerated="true"
29-->src\main\AndroidManifest.xml:13:9-43
30        android:icon="@mipmap/ic_launcher"
30-->src\main\AndroidManifest.xml:14:9-43
31        android:label="@string/app_name"
31-->src\main\AndroidManifest.xml:15:9-41
32        android:roundIcon="@mipmap/ic_launcher_round"
32-->src\main\AndroidManifest.xml:16:9-54
33        android:supportsRtl="true"
33-->src\main\AndroidManifest.xml:17:9-35
34        android:testOnly="true"
35        android:theme="@style/AppTheme" >
35-->src\main\AndroidManifest.xml:18:9-40
36        <activity android:name="com.brian.stocks.home.WebViewActivity" />
36-->src\main\AndroidManifest.xml:19:9-67
36-->src\main\AndroidManifest.xml:19:19-55
37        <activity android:name="com.brian.stocks.home.SendUsdcActivity" />
37-->src\main\AndroidManifest.xml:20:9-59
37-->src\main\AndroidManifest.xml:20:19-56
38        <activity android:name="com.brian.stocks.mtn.MtnTransactionActivity" />
38-->src\main\AndroidManifest.xml:21:9-64
38-->src\main\AndroidManifest.xml:21:19-61
39        <activity android:name="com.brian.stocks.mtn.MTNActivity" />
39-->src\main\AndroidManifest.xml:22:9-53
39-->src\main\AndroidManifest.xml:22:19-50
40        <activity android:name="com.brian.stocks.xmt.XMTTradingActivity" />
40-->src\main\AndroidManifest.xml:23:9-60
40-->src\main\AndroidManifest.xml:23:19-57
41        <activity android:name="com.brian.stocks.coins.CoinStakeActivity" />
41-->src\main\AndroidManifest.xml:24:9-61
41-->src\main\AndroidManifest.xml:24:19-58
42        <activity android:name="com.brian.stocks.predict.AddPredictActivity" />
42-->src\main\AndroidManifest.xml:25:9-64
42-->src\main\AndroidManifest.xml:25:19-61
43        <activity android:name="com.brian.stocks.predict.PredictableListActivity" />
43-->src\main\AndroidManifest.xml:26:9-69
43-->src\main\AndroidManifest.xml:26:19-66
44        <activity android:name="com.brian.stocks.predict.PredictActivity" />
44-->src\main\AndroidManifest.xml:27:9-61
44-->src\main\AndroidManifest.xml:27:19-58
45        <activity android:name="com.brian.stocks.profile.ProfileCompleteActivity" />
45-->src\main\AndroidManifest.xml:28:9-69
45-->src\main\AndroidManifest.xml:28:19-66
46        <activity android:name="com.brian.stocks.cash.InfoActivity" />
46-->src\main\AndroidManifest.xml:29:9-55
46-->src\main\AndroidManifest.xml:29:19-52
47        <activity android:name="com.brian.stocks.cash.AddFriendActivity" />
47-->src\main\AndroidManifest.xml:30:9-60
47-->src\main\AndroidManifest.xml:30:19-57
48        <activity android:name="com.brian.stocks.stock.StocksActivity" />
48-->src\main\AndroidManifest.xml:31:9-58
48-->src\main\AndroidManifest.xml:31:19-55
49        <activity android:name="com.brian.stocks.cash.AddBankActivity" />
49-->src\main\AndroidManifest.xml:32:9-58
49-->src\main\AndroidManifest.xml:32:19-55
50        <activity android:name="com.brian.stocks.profile.ProfileActivity" />
50-->src\main\AndroidManifest.xml:33:9-61
50-->src\main\AndroidManifest.xml:33:19-58
51        <activity android:name="com.brian.stocks.cash.CollectCashActivity" />
51-->src\main\AndroidManifest.xml:34:9-62
51-->src\main\AndroidManifest.xml:34:19-59
52        <activity android:name="com.brian.stocks.cash.SendCashActivity" />
52-->src\main\AndroidManifest.xml:35:9-59
52-->src\main\AndroidManifest.xml:35:19-56
53        <activity android:name="com.brian.stocks.cash.SendTargetActivity" />
53-->src\main\AndroidManifest.xml:36:9-61
53-->src\main\AndroidManifest.xml:36:19-58
54        <activity android:name="com.brian.stocks.main.SupportActivity" />
54-->src\main\AndroidManifest.xml:37:9-58
54-->src\main\AndroidManifest.xml:37:19-55
55        <activity android:name="com.brian.stocks.main.ChangePasswordActivity" />
55-->src\main\AndroidManifest.xml:38:9-65
55-->src\main\AndroidManifest.xml:38:19-62
56        <activity android:name="com.brian.stocks.main.ResetPasswordActivity" />
56-->src\main\AndroidManifest.xml:39:9-64
56-->src\main\AndroidManifest.xml:39:19-61
57        <activity android:name="com.brian.stocks.main.ForgotPasswordActivity" />
57-->src\main\AndroidManifest.xml:40:9-65
57-->src\main\AndroidManifest.xml:40:19-62
58        <activity android:name="com.brian.stocks.stock.stockorder.StockOrderHistoryActivity" />
58-->src\main\AndroidManifest.xml:41:9-80
58-->src\main\AndroidManifest.xml:41:19-77
59        <activity android:name="com.brian.stocks.chat.SocialGroupActivity" />
59-->src\main\AndroidManifest.xml:42:9-62
59-->src\main\AndroidManifest.xml:42:19-59
60        <activity
60-->src\main\AndroidManifest.xml:43:9-52:20
61            android:name="com.brian.stocks.main.SplashActivity"
61-->src\main\AndroidManifest.xml:44:13-48
62            android:screenOrientation="portrait"
62-->src\main\AndroidManifest.xml:45:13-49
63            android:theme="@style/AppTheme.NoActionBar" >
63-->src\main\AndroidManifest.xml:46:13-56
64            <intent-filter>
64-->src\main\AndroidManifest.xml:47:13-51:29
65                <action android:name="android.intent.action.MAIN" />
65-->src\main\AndroidManifest.xml:48:17-69
65-->src\main\AndroidManifest.xml:48:25-66
66
67                <category android:name="android.intent.category.LAUNCHER" />
67-->src\main\AndroidManifest.xml:50:17-77
67-->src\main\AndroidManifest.xml:50:27-74
68            </intent-filter>
69        </activity>
70        <activity
70-->src\main\AndroidManifest.xml:53:9-55:59
71            android:name="com.brian.stocks.main.MainActivity"
71-->src\main\AndroidManifest.xml:54:13-46
72            android:theme="@style/AppTheme.NoActionBar" />
72-->src\main\AndroidManifest.xml:55:13-56
73        <activity
73-->src\main\AndroidManifest.xml:56:9-59:59
74            android:name="com.brian.stocks.main.SignInActivity"
74-->src\main\AndroidManifest.xml:57:13-48
75            android:parentActivityName="com.brian.stocks.main.MainActivity"
75-->src\main\AndroidManifest.xml:58:13-60
76            android:theme="@style/AppTheme.NoActionBar" />
76-->src\main\AndroidManifest.xml:59:13-56
77        <activity
77-->src\main\AndroidManifest.xml:60:9-63:59
78            android:name="com.brian.stocks.main.SignUpActivity"
78-->src\main\AndroidManifest.xml:61:13-48
79            android:parentActivityName="com.brian.stocks.main.MainActivity"
79-->src\main\AndroidManifest.xml:62:13-60
80            android:theme="@style/AppTheme.NoActionBar" />
80-->src\main\AndroidManifest.xml:63:13-56
81        <activity
81-->src\main\AndroidManifest.xml:64:9-67:59
82            android:name="com.brian.stocks.home.HomeActivity"
82-->src\main\AndroidManifest.xml:65:13-46
83            android:label="@string/title_activity_home"
83-->src\main\AndroidManifest.xml:66:13-56
84            android:theme="@style/AppTheme.NoActionBar" />
84-->src\main\AndroidManifest.xml:67:13-56
85        <activity
85-->src\main\AndroidManifest.xml:68:9-70:59
86            android:name="com.brian.stocks.stock.stocktrade.StocksTradingActivity"
86-->src\main\AndroidManifest.xml:69:13-67
87            android:theme="@style/AppTheme.NoActionBar" />
87-->src\main\AndroidManifest.xml:70:13-56
88        <activity
88-->src\main\AndroidManifest.xml:71:9-73:59
89            android:name="com.brian.stocks.stock.stocktrade.StockBuyActivity"
89-->src\main\AndroidManifest.xml:72:13-62
90            android:theme="@style/AppTheme.NoActionBar" />
90-->src\main\AndroidManifest.xml:73:13-56
91        <activity
91-->src\main\AndroidManifest.xml:74:9-76:59
92            android:name="com.brian.stocks.stock.stocktrade.StockSellActivity"
92-->src\main\AndroidManifest.xml:75:13-63
93            android:theme="@style/AppTheme.NoActionBar" />
93-->src\main\AndroidManifest.xml:76:13-56
94        <activity
94-->src\main\AndroidManifest.xml:77:9-79:59
95            android:name="com.brian.stocks.stock.stocktrade.StocksOrderActivity"
95-->src\main\AndroidManifest.xml:78:13-65
96            android:theme="@style/AppTheme.NoActionBar" />
96-->src\main\AndroidManifest.xml:79:13-56
97        <activity
97-->src\main\AndroidManifest.xml:80:9-82:59
98            android:name="com.brian.stocks.stock.NewsListActivity"
98-->src\main\AndroidManifest.xml:81:13-51
99            android:theme="@style/AppTheme.NoActionBar" />
99-->src\main\AndroidManifest.xml:82:13-56
100        <activity
100-->src\main\AndroidManifest.xml:83:9-85:59
101            android:name="com.brian.stocks.stock.NewsActivity"
101-->src\main\AndroidManifest.xml:84:13-47
102            android:theme="@style/AppTheme.NoActionBar" />
102-->src\main\AndroidManifest.xml:85:13-56
103        <activity
103-->src\main\AndroidManifest.xml:86:9-88:59
104            android:name="com.brian.stocks.coins.TransferFundsActivity"
104-->src\main\AndroidManifest.xml:87:13-56
105            android:theme="@style/AppTheme.NoActionBar" />
105-->src\main\AndroidManifest.xml:88:13-56
106        <activity
106-->src\main\AndroidManifest.xml:89:9-91:59
107            android:name="com.brian.stocks.stock.stockwithdraw.StockCoinWithdrawActivity"
107-->src\main\AndroidManifest.xml:90:13-74
108            android:theme="@style/AppTheme.NoActionBar" />
108-->src\main\AndroidManifest.xml:91:13-56
109        <activity
109-->src\main\AndroidManifest.xml:92:9-94:59
110            android:name="com.brian.stocks.stock.stocktrade.StockReplaceActivity"
110-->src\main\AndroidManifest.xml:93:13-66
111            android:theme="@style/AppTheme.NoActionBar" />
111-->src\main\AndroidManifest.xml:94:13-56
112        <activity
112-->src\main\AndroidManifest.xml:95:9-97:59
113            android:name="com.brian.stocks.stock.StockDepositActivity"
113-->src\main\AndroidManifest.xml:96:13-55
114            android:theme="@style/AppTheme.NoActionBar" />
114-->src\main\AndroidManifest.xml:97:13-56
115        <activity
115-->src\main\AndroidManifest.xml:98:9-100:59
116            android:name="com.brian.stocks.coins.CoinWithdrawActivity"
116-->src\main\AndroidManifest.xml:99:13-55
117            android:theme="@style/AppTheme.NoActionBar" />
117-->src\main\AndroidManifest.xml:100:13-56
118        <activity
118-->src\main\AndroidManifest.xml:101:9-103:59
119            android:name="com.brian.stocks.stock.StockNewsActivity"
119-->src\main\AndroidManifest.xml:102:13-52
120            android:theme="@style/AppTheme.NoActionBar" />
120-->src\main\AndroidManifest.xml:103:13-56
121        <activity
121-->src\main\AndroidManifest.xml:104:9-106:59
122            android:name="com.brian.stocks.coins.CoinDepositHistoryActivity"
122-->src\main\AndroidManifest.xml:105:13-61
123            android:theme="@style/AppTheme.NoActionBar" />
123-->src\main\AndroidManifest.xml:106:13-56
124        <activity
124-->src\main\AndroidManifest.xml:107:9-123:20
125            android:name="network.ramp.instantsdk.ui.bank.BankActivity"
125-->src\main\AndroidManifest.xml:108:13-72
126            android:configChanges="keyboard|keyboardHidden|orientation|screenLayout|uiMode|screenSize|smallestScreenSize"
126-->src\main\AndroidManifest.xml:109:13-122
127            android:launchMode="singleTask"
127-->src\main\AndroidManifest.xml:110:13-44
128            android:theme="@style/RampInstant.NoActionBar"
128-->src\main\AndroidManifest.xml:111:13-59
129            android:windowSoftInputMode="adjustResize" >
129-->src\main\AndroidManifest.xml:112:13-55
130            <intent-filter>
130-->src\main\AndroidManifest.xml:113:13-122:29
131                <action android:name="android.intent.action.VIEW" />
131-->src\main\AndroidManifest.xml:114:17-69
131-->src\main\AndroidManifest.xml:114:25-66
132
133                <category android:name="android.intent.category.DEFAULT" />
133-->src\main\AndroidManifest.xml:116:17-76
133-->src\main\AndroidManifest.xml:116:27-73
134                <category android:name="android.intent.category.BROWSABLE" />
134-->src\main\AndroidManifest.xml:117:17-78
134-->src\main\AndroidManifest.xml:117:27-75
135
136                <data
136-->src\main\AndroidManifest.xml:119:17-121:52
137                    android:host="com.brian.stocks"
137-->src\main\AndroidManifest.xml:120:21-52
138                    android:scheme="rampnetwork" />
138-->src\main\AndroidManifest.xml:121:21-49
139            </intent-filter>
140        </activity>
141        <activity
141-->src\main\AndroidManifest.xml:124:9-129:67
142            android:name="network.ramp.instantsdk.ui.rampinstant.RampInstantActivity"
142-->src\main\AndroidManifest.xml:125:13-86
143            android:configChanges="keyboard|keyboardHidden|orientation|screenLayout|uiMode|screenSize|smallestScreenSize"
143-->src\main\AndroidManifest.xml:126:13-122
144            android:launchMode="singleTask"
144-->src\main\AndroidManifest.xml:127:13-44
145            android:theme="@style/RampInstant.NoActionBar"
145-->src\main\AndroidManifest.xml:128:13-59
146            android:windowSoftInputMode="adjustResize" />
146-->src\main\AndroidManifest.xml:129:13-55
147        <activity
147-->[:PhoneVerification] AndroidManifest.xml:14:9-17:59
148            android:name="com.phonenumberui.PhoneNumberActivity"
148-->[:PhoneVerification] AndroidManifest.xml:15:13-65
149            android:screenOrientation="portrait"
149-->[:PhoneVerification] AndroidManifest.xml:16:13-49
150            android:theme="@style/AppTheme.NoActionBar" />
150-->[:PhoneVerification] AndroidManifest.xml:17:13-56
151        <activity
151-->[:PhoneVerification] AndroidManifest.xml:18:9-21:59
152            android:name="com.phonenumberui.CountryCodeActivity"
152-->[:PhoneVerification] AndroidManifest.xml:19:13-65
153            android:screenOrientation="portrait"
153-->[:PhoneVerification] AndroidManifest.xml:20:13-49
154            android:theme="@style/AppTheme.NoActionBar" />
154-->[:PhoneVerification] AndroidManifest.xml:21:13-56
155        <activity
155-->[:PhoneVerification] AndroidManifest.xml:22:9-25:59
156            android:name="com.phonenumberui.VerificationCodeActivity"
156-->[:PhoneVerification] AndroidManifest.xml:23:13-70
157            android:screenOrientation="portrait"
157-->[:PhoneVerification] AndroidManifest.xml:24:13-49
158            android:theme="@style/AppTheme.NoActionBar" />
158-->[:PhoneVerification] AndroidManifest.xml:25:13-56
159        <!--
160             FirebaseMessagingService performs security checks at runtime,
161             no need for explicit permissions despite exported="true"
162        -->
163        <service
163-->[com.google.firebase:firebase-messaging:11.8.0] AndroidManifest.xml:28:9-34:19
164            android:name="com.google.firebase.messaging.FirebaseMessagingService"
164-->[com.google.firebase:firebase-messaging:11.8.0] AndroidManifest.xml:29:13-82
165            android:exported="true" >
165-->[com.google.firebase:firebase-messaging:11.8.0] AndroidManifest.xml:30:13-36
166            <intent-filter android:priority="-500" >
166-->[com.google.firebase:firebase-messaging:11.8.0] AndroidManifest.xml:31:13-33:29
166-->[com.google.firebase:firebase-messaging:11.8.0] AndroidManifest.xml:31:28-51
167                <action android:name="com.google.firebase.MESSAGING_EVENT" />
167-->[com.google.firebase:firebase-messaging:11.8.0] AndroidManifest.xml:32:17-78
167-->[com.google.firebase:firebase-messaging:11.8.0] AndroidManifest.xml:32:25-75
168            </intent-filter>
169        </service>
170
171        <activity
171-->[com.google.firebase:firebase-auth:11.8.0] AndroidManifest.xml:23:9-29:75
172            android:name="com.google.firebase.auth.internal.FederatedSignInActivity"
172-->[com.google.firebase:firebase-auth:11.8.0] AndroidManifest.xml:24:13-85
173            android:excludeFromRecents="true"
173-->[com.google.firebase:firebase-auth:11.8.0] AndroidManifest.xml:25:13-46
174            android:exported="true"
174-->[com.google.firebase:firebase-auth:11.8.0] AndroidManifest.xml:26:13-36
175            android:launchMode="singleInstance"
175-->[com.google.firebase:firebase-auth:11.8.0] AndroidManifest.xml:27:13-48
176            android:permission="com.google.firebase.auth.api.gms.permission.LAUNCH_FEDERATED_SIGN_IN"
176-->[com.google.firebase:firebase-auth:11.8.0] AndroidManifest.xml:28:13-102
177            android:theme="@android:style/Theme.Translucent.NoTitleBar" />
177-->[com.google.firebase:firebase-auth:11.8.0] AndroidManifest.xml:29:13-72
178
179        <receiver
179-->[com.google.firebase:firebase-analytics:11.8.0] AndroidManifest.xml:28:9-32:20
180            android:name="com.google.android.gms.measurement.AppMeasurementReceiver"
180-->[com.google.firebase:firebase-analytics:11.8.0] AndroidManifest.xml:29:13-85
181            android:enabled="true"
181-->[com.google.firebase:firebase-analytics:11.8.0] AndroidManifest.xml:30:13-35
182            android:exported="false" >
182-->[com.google.firebase:firebase-analytics:11.8.0] AndroidManifest.xml:31:13-37
183        </receiver>
184        <receiver
184-->[com.google.firebase:firebase-analytics:11.8.0] AndroidManifest.xml:33:9-41:20
185            android:name="com.google.android.gms.measurement.AppMeasurementInstallReferrerReceiver"
185-->[com.google.firebase:firebase-analytics:11.8.0] AndroidManifest.xml:34:13-100
186            android:enabled="true"
186-->[com.google.firebase:firebase-analytics:11.8.0] AndroidManifest.xml:35:13-35
187            android:exported="true"
187-->[com.google.firebase:firebase-analytics:11.8.0] AndroidManifest.xml:36:13-36
188            android:permission="android.permission.INSTALL_PACKAGES" >
188-->[com.google.firebase:firebase-analytics:11.8.0] AndroidManifest.xml:37:13-69
189            <intent-filter>
189-->[com.google.firebase:firebase-analytics:11.8.0] AndroidManifest.xml:38:13-40:29
190                <action android:name="com.android.vending.INSTALL_REFERRER" />
190-->[com.google.firebase:firebase-analytics:11.8.0] AndroidManifest.xml:39:17-79
190-->[com.google.firebase:firebase-analytics:11.8.0] AndroidManifest.xml:39:25-76
191            </intent-filter>
192        </receiver>
193
194        <service
194-->[com.google.firebase:firebase-analytics:11.8.0] AndroidManifest.xml:43:9-46:40
195            android:name="com.google.android.gms.measurement.AppMeasurementService"
195-->[com.google.firebase:firebase-analytics:11.8.0] AndroidManifest.xml:44:13-84
196            android:enabled="true"
196-->[com.google.firebase:firebase-analytics:11.8.0] AndroidManifest.xml:45:13-35
197            android:exported="false" />
197-->[com.google.firebase:firebase-analytics:11.8.0] AndroidManifest.xml:46:13-37
198        <service
198-->[com.google.firebase:firebase-analytics:11.8.0] AndroidManifest.xml:47:9-51:72
199            android:name="com.google.android.gms.measurement.AppMeasurementJobService"
199-->[com.google.firebase:firebase-analytics:11.8.0] AndroidManifest.xml:48:13-87
200            android:enabled="true"
200-->[com.google.firebase:firebase-analytics:11.8.0] AndroidManifest.xml:49:13-35
201            android:exported="false"
201-->[com.google.firebase:firebase-analytics:11.8.0] AndroidManifest.xml:50:13-37
202            android:permission="android.permission.BIND_JOB_SERVICE" />
202-->[com.google.firebase:firebase-analytics:11.8.0] AndroidManifest.xml:51:13-69
203
204        <receiver
204-->[com.google.firebase:firebase-iid:11.8.0] AndroidManifest.xml:35:9-44:20
205            android:name="com.google.firebase.iid.FirebaseInstanceIdReceiver"
205-->[com.google.firebase:firebase-iid:11.8.0] AndroidManifest.xml:36:13-78
206            android:exported="true"
206-->[com.google.firebase:firebase-iid:11.8.0] AndroidManifest.xml:37:13-36
207            android:permission="com.google.android.c2dm.permission.SEND" >
207-->[com.google.firebase:firebase-iid:11.8.0] AndroidManifest.xml:38:13-73
208            <intent-filter>
208-->[com.google.firebase:firebase-iid:11.8.0] AndroidManifest.xml:39:13-43:29
209                <action android:name="com.google.android.c2dm.intent.RECEIVE" />
209-->[com.google.firebase:firebase-iid:11.8.0] AndroidManifest.xml:40:17-81
209-->[com.google.firebase:firebase-iid:11.8.0] AndroidManifest.xml:40:25-78
210
211                <category android:name="com.brian.stocks" />
211-->[com.google.firebase:firebase-iid:11.8.0] AndroidManifest.xml:42:17-61
211-->[com.google.firebase:firebase-iid:11.8.0] AndroidManifest.xml:42:27-58
212            </intent-filter>
213        </receiver>
214        <!--
215             FirebaseInstanceIdService performs security checks at runtime,
216             no need for explicit permissions despite exported="true"
217        -->
218        <service
218-->[com.google.firebase:firebase-iid:11.8.0] AndroidManifest.xml:50:9-56:19
219            android:name="com.google.firebase.iid.FirebaseInstanceIdService"
219-->[com.google.firebase:firebase-iid:11.8.0] AndroidManifest.xml:51:13-77
220            android:exported="true" >
220-->[com.google.firebase:firebase-iid:11.8.0] AndroidManifest.xml:52:13-36
221            <intent-filter android:priority="-500" >
221-->[com.google.firebase:firebase-iid:11.8.0] AndroidManifest.xml:53:13-55:29
221-->[com.google.firebase:firebase-iid:11.8.0] AndroidManifest.xml:53:28-51
222                <action android:name="com.google.firebase.INSTANCE_ID_EVENT" />
222-->[com.google.firebase:firebase-iid:11.8.0] AndroidManifest.xml:54:17-80
222-->[com.google.firebase:firebase-iid:11.8.0] AndroidManifest.xml:54:25-77
223            </intent-filter>
224        </service>
225
226        <provider
226-->[com.google.firebase:firebase-common:11.8.0] AndroidManifest.xml:8:9-12:39
227            android:name="com.google.firebase.provider.FirebaseInitProvider"
227-->[com.google.firebase:firebase-common:11.8.0] AndroidManifest.xml:9:13-77
228            android:authorities="com.brian.stocks.firebaseinitprovider"
228-->[com.google.firebase:firebase-common:11.8.0] AndroidManifest.xml:10:13-72
229            android:exported="false"
229-->[com.google.firebase:firebase-common:11.8.0] AndroidManifest.xml:11:13-37
230            android:initOrder="100" />
230-->[com.google.firebase:firebase-common:11.8.0] AndroidManifest.xml:12:13-36
231
232        <activity
232-->[com.google.android.gms:play-services-base:11.8.0] AndroidManifest.xml:23:9-26:75
233            android:name="com.google.android.gms.common.api.GoogleApiActivity"
233-->[com.google.android.gms:play-services-base:11.8.0] AndroidManifest.xml:24:13-79
234            android:exported="false"
234-->[com.google.android.gms:play-services-base:11.8.0] AndroidManifest.xml:25:13-37
235            android:theme="@android:style/Theme.Translucent.NoTitleBar" />
235-->[com.google.android.gms:play-services-base:11.8.0] AndroidManifest.xml:26:13-72
236
237        <meta-data
237-->[com.google.android.gms:play-services-basement:11.8.0] AndroidManifest.xml:23:9-25:69
238            android:name="com.google.android.gms.version"
238-->[com.google.android.gms:play-services-basement:11.8.0] AndroidManifest.xml:24:13-58
239            android:value="@integer/google_play_services_version" />
239-->[com.google.android.gms:play-services-basement:11.8.0] AndroidManifest.xml:25:13-66
240    </application>
241
242</manifest>